<?xml version="1.0" encoding="UTF-8"?>
<testsuite xmlns:xsi="http://www.w3.org/2001/XMLSchema-instance" xsi:noNamespaceSchemaLocation="https://maven.apache.org/surefire/maven-surefire-plugin/xsd/surefire-test-report-3.0.xsd" version="3.0" name="com.bank.atm.AtmApplicationTests" time="2.256" tests="1" errors="0" skipped="0" failures="0">
  <properties>
[...]
</properties>
  <testcase name="contextLoads" classname="com.bank.atm.AtmApplicationTests" time="0.569">
    <system-out><![CDATA[03:32:57.719 [main] INFO org.springframework.test.context.support.AnnotationConfigContextLoaderUtils -- Could not detect default configuration classes for test class [com.bank.atm.AtmApplicationTests]: AtmApplicationTests does not declare any static, non-private, non-final, nested classes annotated with @Configuration.
03:32:57.794 [main] INFO org.springframework.boot.test.context.SpringBootTestContextBootstrapper -- Found @SpringBootConfiguration com.bank.atm.AtmApplication for test class com.bank.atm.AtmApplicationTests

  .   ____          _            __ _ _
 /\\ / ___'_ __ _ _(_)_ __  __ _ \ \ \ \
( ( )\___ | '_ | '_| | '_ \/ _` | \ \ \ \
 \\/  ___)| |_)| | | | | || (_| |  ) ) ) )
  '  |____| .__|_| |_|_| |_\__, | / / / /
 =========|_|==============|___/=/_/_/_/

 :: Spring Boot ::                (v3.4.4)

2025-05-19T03:32:58.117+03:00  INFO 8956 --- [atm] [           main] com.bank.atm.AtmApplicationTests         : Starting AtmApplicationTests using Java 17.0.12 with PID 8956 (started by Alper in C:\Users\Alper\Desktop\Java-Atm-localhost-main)
2025-05-19T03:32:58.118+03:00  INFO 8956 --- [atm] [           main] com.bank.atm.AtmApplicationTests         : The following 1 profile is active: "test"
2025-05-19T03:32:59.278+03:00  INFO 8956 --- [atm] [           main] com.bank.atm.AtmApplicationTests         : Started AtmApplicationTests in 1.355 seconds (process running for 2.114)
]]></system-out>
    <system-err><![CDATA[Loading class `com.mysql.jdbc.Driver'. This is deprecated. The new driver class is `com.mysql.cj.jdbc.Driver'. The driver is automatically registered via the SPI and manual loading of the driver class is generally unnecessary.
]]></system-err>
  </testcase>
</testsuite>